  -- Install configuration: "Release"
  -- Installing: E:/DEV/AMLAB_slicer/dep/protobuf-3.17.1/install_x64/lib/libprotobuf-lite.lib
  -- Installing: E:/DEV/AMLAB_slicer/dep/protobuf-3.17.1/install_x64/lib/libprotobuf.lib
  -- Installing: E:/DEV/AMLAB_slicer/dep/protobuf-3.17.1/install_x64/lib/libprotoc.lib
  -- Installing: E:/DEV/AMLAB_slicer/dep/protobuf-3.17.1/install_x64/bin/protoc.exe
  -- Installing: E:/DEV/AMLAB_slicer/dep/protobuf-3.17.1/install_x64/lib/pkgconfig/protobuf.pc
  -- Installing: E:/DEV/AMLAB_slicer/dep/protobuf-3.17.1/install_x64/lib/pkgconfig/protobuf-lite.pc
  -- Installing: E:/DEV/AMLAB_slicer/dep/protobuf-3.17.1/install_x64/include/google/protobuf/any.h
  -- Installing: E:/DEV/AMLAB_slicer/dep/protobuf-3.17.1/install_x64/include/google/protobuf/any.pb.h
  -- Installing: E:/DEV/AMLAB_slicer/dep/protobuf-3.17.1/install_x64/include/google/protobuf/api.pb.h
  -- Installing: E:/DEV/AMLAB_slicer/dep/protobuf-3.17.1/install_x64/include/google/protobuf/arena.h
  -- Installing: E:/DEV/AMLAB_slicer/dep/protobuf-3.17.1/install_x64/include/google/protobuf/arena_impl.h
  -- Installing: E:/DEV/AMLAB_slicer/dep/protobuf-3.17.1/install_x64/include/google/protobuf/arenastring.h
  -- Installing: E:/DEV/AMLAB_slicer/dep/protobuf-3.17.1/install_x64/include/google/protobuf/compiler/code_generator.h
  -- Installing: E:/DEV/AMLAB_slicer/dep/protobuf-3.17.1/install_x64/include/google/protobuf/compiler/command_line_interface.h
  -- Installing: E:/DEV/AMLAB_slicer/dep/protobuf-3.17.1/install_x64/include/google/protobuf/compiler/cpp/cpp_generator.h
  -- Installing: E:/DEV/AMLAB_slicer/dep/protobuf-3.17.1/install_x64/include/google/protobuf/compiler/csharp/csharp_generator.h
  -- Installing: E:/DEV/AMLAB_slicer/dep/protobuf-3.17.1/install_x64/include/google/protobuf/compiler/csharp/csharp_names.h
  -- Installing: E:/DEV/AMLAB_slicer/dep/protobuf-3.17.1/install_x64/include/google/protobuf/compiler/importer.h
  -- Installing: E:/DEV/AMLAB_slicer/dep/protobuf-3.17.1/install_x64/include/google/protobuf/compiler/java/java_generator.h
  -- Installing: E:/DEV/AMLAB_slicer/dep/protobuf-3.17.1/install_x64/include/google/protobuf/compiler/java/java_kotlin_generator.h
  -- Installing: E:/DEV/AMLAB_slicer/dep/protobuf-3.17.1/install_x64/include/google/protobuf/compiler/java/java_names.h
  -- Installing: E:/DEV/AMLAB_slicer/dep/protobuf-3.17.1/install_x64/include/google/protobuf/compiler/js/js_generator.h
  -- Installing: E:/DEV/AMLAB_slicer/dep/protobuf-3.17.1/install_x64/include/google/protobuf/compiler/js/well_known_types_embed.h
  -- Installing: E:/DEV/AMLAB_slicer/dep/protobuf-3.17.1/install_x64/include/google/protobuf/compiler/objectivec/objectivec_generator.h
  -- Installing: E:/DEV/AMLAB_slicer/dep/protobuf-3.17.1/install_x64/include/google/protobuf/compiler/objectivec/objectivec_helpers.h
  -- Installing: E:/DEV/AMLAB_slicer/dep/protobuf-3.17.1/install_x64/include/google/protobuf/compiler/parser.h
  -- Installing: E:/DEV/AMLAB_slicer/dep/protobuf-3.17.1/install_x64/include/google/protobuf/compiler/php/php_generator.h
  -- Installing: E:/DEV/AMLAB_slicer/dep/protobuf-3.17.1/install_x64/include/google/protobuf/compiler/plugin.h
  -- Installing: E:/DEV/AMLAB_slicer/dep/protobuf-3.17.1/install_x64/include/google/protobuf/compiler/plugin.pb.h
  -- Installing: E:/DEV/AMLAB_slicer/dep/protobuf-3.17.1/install_x64/include/google/protobuf/compiler/python/python_generator.h
  -- Installing: E:/DEV/AMLAB_slicer/dep/protobuf-3.17.1/install_x64/include/google/protobuf/compiler/ruby/ruby_generator.h
  -- Installing: E:/DEV/AMLAB_slicer/dep/protobuf-3.17.1/install_x64/include/google/protobuf/descriptor.h
  -- Installing: E:/DEV/AMLAB_slicer/dep/protobuf-3.17.1/install_x64/include/google/protobuf/descriptor.pb.h
  -- Installing: E:/DEV/AMLAB_slicer/dep/protobuf-3.17.1/install_x64/include/google/protobuf/descriptor_database.h
  -- Installing: E:/DEV/AMLAB_slicer/dep/protobuf-3.17.1/install_x64/include/google/protobuf/duration.pb.h
  -- Installing: E:/DEV/AMLAB_slicer/dep/protobuf-3.17.1/install_x64/include/google/protobuf/dynamic_message.h
  -- Installing: E:/DEV/AMLAB_slicer/dep/protobuf-3.17.1/install_x64/include/google/protobuf/empty.pb.h
  -- Installing: E:/DEV/AMLAB_slicer/dep/protobuf-3.17.1/install_x64/include/google/protobuf/extension_set.h
  -- Installing: E:/DEV/AMLAB_slicer/dep/protobuf-3.17.1/install_x64/include/google/protobuf/extension_set_inl.h
  -- Installing: E:/DEV/AMLAB_slicer/dep/protobuf-3.17.1/install_x64/include/google/protobuf/field_mask.pb.h
  -- Installing: E:/DEV/AMLAB_slicer/dep/protobuf-3.17.1/install_x64/include/google/protobuf/generated_enum_reflection.h
  -- Installing: E:/DEV/AMLAB_slicer/dep/protobuf-3.17.1/install_x64/include/google/protobuf/generated_enum_util.h
  -- Installing: E:/DEV/AMLAB_slicer/dep/protobuf-3.17.1/install_x64/include/google/protobuf/generated_message_reflection.h
  -- Installing: E:/DEV/AMLAB_slicer/dep/protobuf-3.17.1/install_x64/include/google/protobuf/generated_message_table_driven.h
  -- Installing: E:/DEV/AMLAB_slicer/dep/protobuf-3.17.1/install_x64/include/google/protobuf/generated_message_util.h
  -- Installing: E:/DEV/AMLAB_slicer/dep/protobuf-3.17.1/install_x64/include/google/protobuf/has_bits.h
  -- Installing: E:/DEV/AMLAB_slicer/dep/protobuf-3.17.1/install_x64/include/google/protobuf/implicit_weak_message.h
  -- Installing: E:/DEV/AMLAB_slicer/dep/protobuf-3.17.1/install_x64/include/google/protobuf/io/coded_stream.h
  -- Installing: E:/DEV/AMLAB_slicer/dep/protobuf-3.17.1/install_x64/include/google/protobuf/io/gzip_stream.h
  -- Installing: E:/DEV/AMLAB_slicer/dep/protobuf-3.17.1/install_x64/include/google/protobuf/io/io_win32.h
  -- Installing: E:/DEV/AMLAB_slicer/dep/protobuf-3.17.1/install_x64/include/google/protobuf/io/printer.h
  -- Installing: E:/DEV/AMLAB_slicer/dep/protobuf-3.17.1/install_x64/include/google/protobuf/io/strtod.h
  -- Installing: E:/DEV/AMLAB_slicer/dep/protobuf-3.17.1/install_x64/include/google/protobuf/io/tokenizer.h
  -- Installing: E:/DEV/AMLAB_slicer/dep/protobuf-3.17.1/install_x64/include/google/protobuf/io/zero_copy_stream.h
  -- Installing: E:/DEV/AMLAB_slicer/dep/protobuf-3.17.1/install_x64/include/google/protobuf/io/zero_copy_stream_impl.h
  -- Installing: E:/DEV/AMLAB_slicer/dep/protobuf-3.17.1/install_x64/include/google/protobuf/io/zero_copy_stream_impl_lite.h
  -- Installing: E:/DEV/AMLAB_slicer/dep/protobuf-3.17.1/install_x64/include/google/protobuf/map.h
  -- Installing: E:/DEV/AMLAB_slicer/dep/protobuf-3.17.1/install_x64/include/google/protobuf/map_entry.h
  -- Installing: E:/DEV/AMLAB_slicer/dep/protobuf-3.17.1/install_x64/include/google/protobuf/map_entry_lite.h
  -- Installing: E:/DEV/AMLAB_slicer/dep/protobuf-3.17.1/install_x64/include/google/protobuf/map_field.h
  -- Installing: E:/DEV/AMLAB_slicer/dep/protobuf-3.17.1/install_x64/include/google/protobuf/map_field_inl.h
  -- Installing: E:/DEV/AMLAB_slicer/dep/protobuf-3.17.1/install_x64/include/google/protobuf/map_field_lite.h
  -- Installing: E:/DEV/AMLAB_slicer/dep/protobuf-3.17.1/install_x64/include/google/protobuf/map_type_handler.h
  -- Installing: E:/DEV/AMLAB_slicer/dep/protobuf-3.17.1/install_x64/include/google/protobuf/message.h
  -- Installing: E:/DEV/AMLAB_slicer/dep/protobuf-3.17.1/install_x64/include/google/protobuf/message_lite.h
  -- Installing: E:/DEV/AMLAB_slicer/dep/protobuf-3.17.1/install_x64/include/google/protobuf/metadata.h
  -- Installing: E:/DEV/AMLAB_slicer/dep/protobuf-3.17.1/install_x64/include/google/protobuf/metadata_lite.h
  -- Installing: E:/DEV/AMLAB_slicer/dep/protobuf-3.17.1/install_x64/include/google/protobuf/parse_context.h
  -- Installing: E:/DEV/AMLAB_slicer/dep/protobuf-3.17.1/install_x64/include/google/protobuf/port.h
  -- Installing: E:/DEV/AMLAB_slicer/dep/protobuf-3.17.1/install_x64/include/google/protobuf/port_def.inc
  -- Installing: E:/DEV/AMLAB_slicer/dep/protobuf-3.17.1/install_x64/include/google/protobuf/port_undef.inc
  -- Installing: E:/DEV/AMLAB_slicer/dep/protobuf-3.17.1/install_x64/include/google/protobuf/reflection.h
  -- Installing: E:/DEV/AMLAB_slicer/dep/protobuf-3.17.1/install_x64/include/google/protobuf/reflection_ops.h
  -- Installing: E:/DEV/AMLAB_slicer/dep/protobuf-3.17.1/install_x64/include/google/protobuf/repeated_field.h
  -- Installing: E:/DEV/AMLAB_slicer/dep/protobuf-3.17.1/install_x64/include/google/protobuf/service.h
  -- Installing: E:/DEV/AMLAB_slicer/dep/protobuf-3.17.1/install_x64/include/google/protobuf/source_context.pb.h
  -- Installing: E:/DEV/AMLAB_slicer/dep/protobuf-3.17.1/install_x64/include/google/protobuf/struct.pb.h
  -- Installing: E:/DEV/AMLAB_slicer/dep/protobuf-3.17.1/install_x64/include/google/protobuf/stubs/bytestream.h
  -- Installing: E:/DEV/AMLAB_slicer/dep/protobuf-3.17.1/install_x64/include/google/protobuf/stubs/callback.h
  -- Installing: E:/DEV/AMLAB_slicer/dep/protobuf-3.17.1/install_x64/include/google/protobuf/stubs/casts.h
  -- Installing: E:/DEV/AMLAB_slicer/dep/protobuf-3.17.1/install_x64/include/google/protobuf/stubs/common.h
  -- Installing: E:/DEV/AMLAB_slicer/dep/protobuf-3.17.1/install_x64/include/google/protobuf/stubs/hash.h
  -- Installing: E:/DEV/AMLAB_slicer/dep/protobuf-3.17.1/install_x64/include/google/protobuf/stubs/logging.h
  -- Installing: E:/DEV/AMLAB_slicer/dep/protobuf-3.17.1/install_x64/include/google/protobuf/stubs/macros.h
  -- Installing: E:/DEV/AMLAB_slicer/dep/protobuf-3.17.1/install_x64/include/google/protobuf/stubs/map_util.h
  -- Installing: E:/DEV/AMLAB_slicer/dep/protobuf-3.17.1/install_x64/include/google/protobuf/stubs/mutex.h
  -- Installing: E:/DEV/AMLAB_slicer/dep/protobuf-3.17.1/install_x64/include/google/protobuf/stubs/once.h
  -- Installing: E:/DEV/AMLAB_slicer/dep/protobuf-3.17.1/install_x64/include/google/protobuf/stubs/platform_macros.h
  -- Installing: E:/DEV/AMLAB_slicer/dep/protobuf-3.17.1/install_x64/include/google/protobuf/stubs/port.h
  -- Installing: E:/DEV/AMLAB_slicer/dep/protobuf-3.17.1/install_x64/include/google/protobuf/stubs/status.h
  -- Installing: E:/DEV/AMLAB_slicer/dep/protobuf-3.17.1/install_x64/include/google/protobuf/stubs/stl_util.h
  -- Installing: E:/DEV/AMLAB_slicer/dep/protobuf-3.17.1/install_x64/include/google/protobuf/stubs/stringpiece.h
  -- Installing: E:/DEV/AMLAB_slicer/dep/protobuf-3.17.1/install_x64/include/google/protobuf/stubs/strutil.h
  -- Installing: E:/DEV/AMLAB_slicer/dep/protobuf-3.17.1/install_x64/include/google/protobuf/stubs/template_util.h
  -- Installing: E:/DEV/AMLAB_slicer/dep/protobuf-3.17.1/install_x64/include/google/protobuf/text_format.h
  -- Installing: E:/DEV/AMLAB_slicer/dep/protobuf-3.17.1/install_x64/include/google/protobuf/timestamp.pb.h
  -- Installing: E:/DEV/AMLAB_slicer/dep/protobuf-3.17.1/install_x64/include/google/protobuf/type.pb.h
  -- Installing: E:/DEV/AMLAB_slicer/dep/protobuf-3.17.1/install_x64/include/google/protobuf/unknown_field_set.h
  -- Installing: E:/DEV/AMLAB_slicer/dep/protobuf-3.17.1/install_x64/include/google/protobuf/util/delimited_message_util.h
  -- Installing: E:/DEV/AMLAB_slicer/dep/protobuf-3.17.1/install_x64/include/google/protobuf/util/field_comparator.h
  -- Installing: E:/DEV/AMLAB_slicer/dep/protobuf-3.17.1/install_x64/include/google/protobuf/util/field_mask_util.h
  -- Installing: E:/DEV/AMLAB_slicer/dep/protobuf-3.17.1/install_x64/include/google/protobuf/util/json_util.h
  -- Installing: E:/DEV/AMLAB_slicer/dep/protobuf-3.17.1/install_x64/include/google/protobuf/util/message_differencer.h
  -- Installing: E:/DEV/AMLAB_slicer/dep/protobuf-3.17.1/install_x64/include/google/protobuf/util/time_util.h
  -- Installing: E:/DEV/AMLAB_slicer/dep/protobuf-3.17.1/install_x64/include/google/protobuf/util/type_resolver.h
  -- Installing: E:/DEV/AMLAB_slicer/dep/protobuf-3.17.1/install_x64/include/google/protobuf/util/type_resolver_util.h
  -- Installing: E:/DEV/AMLAB_slicer/dep/protobuf-3.17.1/install_x64/include/google/protobuf/wire_format.h
  -- Installing: E:/DEV/AMLAB_slicer/dep/protobuf-3.17.1/install_x64/include/google/protobuf/wire_format_lite.h
  -- Installing: E:/DEV/AMLAB_slicer/dep/protobuf-3.17.1/install_x64/include/google/protobuf/wrappers.pb.h
  -- Installing: E:/DEV/AMLAB_slicer/dep/protobuf-3.17.1/install_x64/include/google/protobuf/any.proto
  -- Installing: E:/DEV/AMLAB_slicer/dep/protobuf-3.17.1/install_x64/include/google/protobuf/api.proto
  -- Installing: E:/DEV/AMLAB_slicer/dep/protobuf-3.17.1/install_x64/include/google/protobuf/compiler/plugin.proto
  -- Installing: E:/DEV/AMLAB_slicer/dep/protobuf-3.17.1/install_x64/include/google/protobuf/descriptor.proto
  -- Installing: E:/DEV/AMLAB_slicer/dep/protobuf-3.17.1/install_x64/include/google/protobuf/duration.proto
  -- Installing: E:/DEV/AMLAB_slicer/dep/protobuf-3.17.1/install_x64/include/google/protobuf/empty.proto
  -- Installing: E:/DEV/AMLAB_slicer/dep/protobuf-3.17.1/install_x64/include/google/protobuf/field_mask.proto
  -- Installing: E:/DEV/AMLAB_slicer/dep/protobuf-3.17.1/install_x64/include/google/protobuf/source_context.proto
  -- Installing: E:/DEV/AMLAB_slicer/dep/protobuf-3.17.1/install_x64/include/google/protobuf/struct.proto
  -- Installing: E:/DEV/AMLAB_slicer/dep/protobuf-3.17.1/install_x64/include/google/protobuf/timestamp.proto
  -- Installing: E:/DEV/AMLAB_slicer/dep/protobuf-3.17.1/install_x64/include/google/protobuf/type.proto
  -- Installing: E:/DEV/AMLAB_slicer/dep/protobuf-3.17.1/install_x64/include/google/protobuf/wrappers.proto
  -- Up-to-date: E:/DEV/AMLAB_slicer/dep/protobuf-3.17.1/install_x64/include/google/protobuf/descriptor.proto
  -- Up-to-date: E:/DEV/AMLAB_slicer/dep/protobuf-3.17.1/install_x64/include/google/protobuf/any.proto
  -- Up-to-date: E:/DEV/AMLAB_slicer/dep/protobuf-3.17.1/install_x64/include/google/protobuf/api.proto
  -- Up-to-date: E:/DEV/AMLAB_slicer/dep/protobuf-3.17.1/install_x64/include/google/protobuf/duration.proto
  -- Up-to-date: E:/DEV/AMLAB_slicer/dep/protobuf-3.17.1/install_x64/include/google/protobuf/empty.proto
  -- Up-to-date: E:/DEV/AMLAB_slicer/dep/protobuf-3.17.1/install_x64/include/google/protobuf/field_mask.proto
  -- Up-to-date: E:/DEV/AMLAB_slicer/dep/protobuf-3.17.1/install_x64/include/google/protobuf/source_context.proto
  -- Up-to-date: E:/DEV/AMLAB_slicer/dep/protobuf-3.17.1/install_x64/include/google/protobuf/struct.proto
  -- Up-to-date: E:/DEV/AMLAB_slicer/dep/protobuf-3.17.1/install_x64/include/google/protobuf/timestamp.proto
  -- Up-to-date: E:/DEV/AMLAB_slicer/dep/protobuf-3.17.1/install_x64/include/google/protobuf/type.proto
  -- Up-to-date: E:/DEV/AMLAB_slicer/dep/protobuf-3.17.1/install_x64/include/google/protobuf/wrappers.proto
  -- Up-to-date: E:/DEV/AMLAB_slicer/dep/protobuf-3.17.1/install_x64/include/google/protobuf/compiler/plugin.proto
  -- Installing: E:/DEV/AMLAB_slicer/dep/protobuf-3.17.1/install_x64/cmake/protobuf-targets.cmake
  -- Installing: E:/DEV/AMLAB_slicer/dep/protobuf-3.17.1/install_x64/cmake/protobuf-targets-release.cmake
  -- Up-to-date: E:/DEV/AMLAB_slicer/dep/protobuf-3.17.1/install_x64/cmake
  -- Installing: E:/DEV/AMLAB_slicer/dep/protobuf-3.17.1/install_x64/cmake/protobuf-config-version.cmake
  -- Installing: E:/DEV/AMLAB_slicer/dep/protobuf-3.17.1/install_x64/cmake/protobuf-config.cmake
  -- Installing: E:/DEV/AMLAB_slicer/dep/protobuf-3.17.1/install_x64/cmake/protobuf-module.cmake
  -- Installing: E:/DEV/AMLAB_slicer/dep/protobuf-3.17.1/install_x64/cmake/protobuf-options.cmake
